action: GLOB, msg: packaging
cwd: /home/aymane/PycharmProjects/wine_quality_project
cmd: /home/aymane/anaconda3/envs/wafer_project/bin/python setup.py sdist --formats=zip --dist-dir /home/aymane/PycharmProjects/wine_quality_project/.tox/dist
/home/aymane/anaconda3/envs/wafer_project/lib/python3.9/distutils/dist.py:259: UserWarning: 'licence' distribution option is deprecated; use 'license'
  warnings.warn(msg)
/home/aymane/anaconda3/envs/wafer_project/lib/python3.9/distutils/dist.py:274: UserWarning: Unknown distribution option: 'package'
  warnings.warn(msg)
running sdist
running egg_info
writing src.egg-info/PKG-INFO
writing dependency_links to src.egg-info/dependency_links.txt
writing top-level names to src.egg-info/top_level.txt
reading manifest file 'src.egg-info/SOURCES.txt'
writing manifest file 'src.egg-info/SOURCES.txt'
running check
warning: check: missing required meta-data: url

warning: check: missing meta-data: if 'author' supplied, 'author_email' should be supplied too

creating src-0.0.1
creating src-0.0.1/src.egg-info
creating src-0.0.1/test
copying files to src-0.0.1...
copying README.md -> src-0.0.1
copying setup.py -> src-0.0.1
copying src.egg-info/PKG-INFO -> src-0.0.1/src.egg-info
copying src.egg-info/SOURCES.txt -> src-0.0.1/src.egg-info
copying src.egg-info/dependency_links.txt -> src-0.0.1/src.egg-info
copying src.egg-info/top_level.txt -> src-0.0.1/src.egg-info
copying test/test_config.py -> src-0.0.1/test
Writing src-0.0.1/setup.cfg
creating /home/aymane/PycharmProjects/wine_quality_project/.tox/dist
creating '/home/aymane/PycharmProjects/wine_quality_project/.tox/dist/src-0.0.1.zip' and adding 'src-0.0.1' to it
adding 'src-0.0.1'
adding 'src-0.0.1/test'
adding 'src-0.0.1/src.egg-info'
adding 'src-0.0.1/README.md'
adding 'src-0.0.1/setup.cfg'
adding 'src-0.0.1/setup.py'
adding 'src-0.0.1/PKG-INFO'
adding 'src-0.0.1/test/test_config.py'
adding 'src-0.0.1/src.egg-info/dependency_links.txt'
adding 'src-0.0.1/src.egg-info/top_level.txt'
adding 'src-0.0.1/src.egg-info/SOURCES.txt'
adding 'src-0.0.1/src.egg-info/PKG-INFO'
removing 'src-0.0.1' (and everything under it)
